{"name":"hexo","hostname":"MacBook-Pro.local","pid":6413,"level":20,"msg":"Hexo version: \u001b[35m3.1.1\u001b[39m","time":"2015-09-12T14:45:56.481Z","v":0}
{"name":"hexo","hostname":"MacBook-Pro.local","pid":6413,"level":20,"msg":"Working directory: \u001b[35m~/fnoz/\u001b[39m","time":"2015-09-12T14:45:56.487Z","v":0}
{"name":"hexo","hostname":"MacBook-Pro.local","pid":6413,"level":20,"msg":"Config loaded: \u001b[35m~/fnoz/_config.yml\u001b[39m","time":"2015-09-12T14:45:56.646Z","v":0}
{"name":"hexo","hostname":"MacBook-Pro.local","pid":6413,"level":20,"msg":"Plugin loaded: \u001b[35mhexo-generator-index\u001b[39m","time":"2015-09-12T14:45:57.190Z","v":0}
{"name":"hexo","hostname":"MacBook-Pro.local","pid":6413,"level":20,"msg":"Plugin loaded: \u001b[35mhexo-generator-tag\u001b[39m","time":"2015-09-12T14:45:57.190Z","v":0}
{"name":"hexo","hostname":"MacBook-Pro.local","pid":6413,"level":20,"msg":"Plugin loaded: \u001b[35mhexo-generator-category\u001b[39m","time":"2015-09-12T14:45:57.190Z","v":0}
{"name":"hexo","hostname":"MacBook-Pro.local","pid":6413,"level":20,"msg":"Plugin loaded: \u001b[35mhexo-generator-archive\u001b[39m","time":"2015-09-12T14:45:57.190Z","v":0}
{"name":"hexo","hostname":"MacBook-Pro.local","pid":6413,"level":20,"msg":"Plugin loaded: \u001b[35mhexo-renderer-stylus\u001b[39m","time":"2015-09-12T14:45:57.191Z","v":0}
{"name":"hexo","hostname":"MacBook-Pro.local","pid":6413,"level":20,"msg":"Plugin loaded: \u001b[35mhexo-renderer-jade\u001b[39m","time":"2015-09-12T14:45:57.191Z","v":0}
{"name":"hexo","hostname":"MacBook-Pro.local","pid":6413,"level":20,"msg":"Script loaded: \u001b[35mthemes/next/scripts/merge-configs.js\u001b[39m","time":"2015-09-12T14:45:57.191Z","v":0}
{"name":"hexo","hostname":"MacBook-Pro.local","pid":6413,"level":20,"msg":"Plugin loaded: \u001b[35mhexo-renderer-marked\u001b[39m","time":"2015-09-12T14:45:57.191Z","v":0}
{"name":"hexo","hostname":"MacBook-Pro.local","pid":6413,"level":20,"msg":"Script loaded: \u001b[35mthemes/next/scripts/tags/center-quote.js\u001b[39m","time":"2015-09-12T14:45:57.191Z","v":0}
{"name":"hexo","hostname":"MacBook-Pro.local","pid":6413,"level":20,"msg":"Plugin loaded: \u001b[35mhexo-renderer-ejs\u001b[39m","time":"2015-09-12T14:45:57.347Z","v":0}
{"name":"hexo","hostname":"MacBook-Pro.local","pid":6413,"level":20,"msg":"Script loaded: \u001b[35mthemes/next/scripts/tags/full-image.js\u001b[39m","time":"2015-09-12T14:45:57.347Z","v":0}
{"name":"hexo","hostname":"MacBook-Pro.local","pid":6413,"level":20,"msg":"Plugin loaded: \u001b[35mhexo-server\u001b[39m","time":"2015-09-12T14:45:57.348Z","v":0}
{"name":"hexo","hostname":"MacBook-Pro.local","pid":6413,"level":20,"msg":"Loading database.","time":"2015-09-12T14:45:57.356Z","v":0}
{"name":"hexo","hostname":"MacBook-Pro.local","pid":6413,"level":20,"msg":"Unchanged: \u001b[35msource/_posts/2014_09_29_02.md\u001b[39m","time":"2015-09-12T14:45:57.493Z","v":0}
{"name":"hexo","hostname":"MacBook-Pro.local","pid":6413,"level":20,"msg":"Unchanged: \u001b[35msource/_posts/2014_09_29_03.md\u001b[39m","time":"2015-09-12T14:45:57.494Z","v":0}
{"name":"hexo","hostname":"MacBook-Pro.local","pid":6413,"level":20,"msg":"Unchanged: \u001b[35msource/_posts/2014_10_09_01.md\u001b[39m","time":"2015-09-12T14:45:57.494Z","v":0}
{"name":"hexo","hostname":"MacBook-Pro.local","pid":6413,"level":20,"msg":"Unchanged: \u001b[35msource/_posts/2014_09_29_01.md\u001b[39m","time":"2015-09-12T14:45:57.495Z","v":0}
{"name":"hexo","hostname":"MacBook-Pro.local","pid":6413,"level":20,"msg":"Unchanged: \u001b[35msource/_posts/2014_10_10_01.md\u001b[39m","time":"2015-09-12T14:45:57.495Z","v":0}
{"name":"hexo","hostname":"MacBook-Pro.local","pid":6413,"level":20,"msg":"Unchanged: \u001b[35msource/_posts/2014_10_10_14.md\u001b[39m","time":"2015-09-12T14:45:57.496Z","v":0}
{"name":"hexo","hostname":"MacBook-Pro.local","pid":6413,"level":20,"msg":"Unchanged: \u001b[35msource/_posts/2014_10_25_01.md\u001b[39m","time":"2015-09-12T14:45:57.496Z","v":0}
{"name":"hexo","hostname":"MacBook-Pro.local","pid":6413,"level":20,"msg":"Unchanged: \u001b[35msource/_posts/2014_10_13_01.md\u001b[39m","time":"2015-09-12T14:45:57.496Z","v":0}
{"name":"hexo","hostname":"MacBook-Pro.local","pid":6413,"level":20,"msg":"Unchanged: \u001b[35msource/_posts/2014_11_03_01.md\u001b[39m","time":"2015-09-12T14:45:57.497Z","v":0}
{"name":"hexo","hostname":"MacBook-Pro.local","pid":6413,"level":20,"msg":"Unchanged: \u001b[35msource/_posts/2014_11_03_02.md\u001b[39m","time":"2015-09-12T14:45:57.497Z","v":0}
{"name":"hexo","hostname":"MacBook-Pro.local","pid":6413,"level":20,"msg":"Unchanged: \u001b[35msource/_posts/2014_11_14_01.md\u001b[39m","time":"2015-09-12T14:45:57.497Z","v":0}
{"name":"hexo","hostname":"MacBook-Pro.local","pid":6413,"level":20,"msg":"Unchanged: \u001b[35msource/_posts/2014_11_14_02.md\u001b[39m","time":"2015-09-12T14:45:57.498Z","v":0}
{"name":"hexo","hostname":"MacBook-Pro.local","pid":6413,"level":20,"msg":"Unchanged: \u001b[35msource/_posts/2014_11_14_03.md\u001b[39m","time":"2015-09-12T14:45:57.498Z","v":0}
{"name":"hexo","hostname":"MacBook-Pro.local","pid":6413,"level":20,"msg":"Unchanged: \u001b[35msource/_posts/2014_11_15_01.md\u001b[39m","time":"2015-09-12T14:45:57.499Z","v":0}
{"name":"hexo","hostname":"MacBook-Pro.local","pid":6413,"level":20,"msg":"Unchanged: \u001b[35msource/_posts/2014_11_15_02.md\u001b[39m","time":"2015-09-12T14:45:57.499Z","v":0}
{"name":"hexo","hostname":"MacBook-Pro.local","pid":6413,"level":20,"msg":"Unchanged: \u001b[35msource/_posts/2014_11_19_01.md\u001b[39m","time":"2015-09-12T14:45:57.499Z","v":0}
{"name":"hexo","hostname":"MacBook-Pro.local","pid":6413,"level":20,"msg":"Unchanged: \u001b[35msource/_posts/2014_11_29_01.md\u001b[39m","time":"2015-09-12T14:45:57.500Z","v":0}
{"name":"hexo","hostname":"MacBook-Pro.local","pid":6413,"level":20,"msg":"Unchanged: \u001b[35msource/_posts/2014_11_21_01.md\u001b[39m","time":"2015-09-12T14:45:57.501Z","v":0}
{"name":"hexo","hostname":"MacBook-Pro.local","pid":6413,"level":20,"msg":"Unchanged: \u001b[35msource/_posts/2014_11_26_01.md\u001b[39m","time":"2015-09-12T14:45:57.502Z","v":0}
{"name":"hexo","hostname":"MacBook-Pro.local","pid":6413,"level":20,"msg":"Unchanged: \u001b[35msource/_posts/2014_11_28_01.md\u001b[39m","time":"2015-09-12T14:45:57.502Z","v":0}
{"name":"hexo","hostname":"MacBook-Pro.local","pid":6413,"level":20,"msg":"Unchanged: \u001b[35msource/_posts/2014_12_08_01.md\u001b[39m","time":"2015-09-12T14:45:57.503Z","v":0}
{"name":"hexo","hostname":"MacBook-Pro.local","pid":6413,"level":20,"msg":"Unchanged: \u001b[35msource/_posts/2014_12_18_02.md\u001b[39m","time":"2015-09-12T14:45:57.503Z","v":0}
{"name":"hexo","hostname":"MacBook-Pro.local","pid":6413,"level":20,"msg":"Unchanged: \u001b[35msource/_posts/2015_01_15_01.md\u001b[39m","time":"2015-09-12T14:45:57.504Z","v":0}
{"name":"hexo","hostname":"MacBook-Pro.local","pid":6413,"level":20,"msg":"Unchanged: \u001b[35msource/_posts/2015_01_20_01.md\u001b[39m","time":"2015-09-12T14:45:57.504Z","v":0}
{"name":"hexo","hostname":"MacBook-Pro.local","pid":6413,"level":20,"msg":"Unchanged: \u001b[35msource/_posts/2015_01_21_01.md\u001b[39m","time":"2015-09-12T14:45:57.504Z","v":0}
{"name":"hexo","hostname":"MacBook-Pro.local","pid":6413,"level":20,"msg":"Unchanged: \u001b[35msource/_posts/2015_02_26_02.md\u001b[39m","time":"2015-09-12T14:45:57.504Z","v":0}
{"name":"hexo","hostname":"MacBook-Pro.local","pid":6413,"level":20,"msg":"Unchanged: \u001b[35msource/_posts/2015_02_26_01.md\u001b[39m","time":"2015-09-12T14:45:57.504Z","v":0}
{"name":"hexo","hostname":"MacBook-Pro.local","pid":6413,"level":20,"msg":"Unchanged: \u001b[35msource/_posts/2015_01_15_03.md\u001b[39m","time":"2015-09-12T14:45:57.504Z","v":0}
{"name":"hexo","hostname":"MacBook-Pro.local","pid":6413,"level":20,"msg":"Unchanged: \u001b[35msource/_posts/2015_01_15_02.md\u001b[39m","time":"2015-09-12T14:45:57.504Z","v":0}
{"name":"hexo","hostname":"MacBook-Pro.local","pid":6413,"level":20,"msg":"Unchanged: \u001b[35msource/_posts/2015_04_26_01.md\u001b[39m","time":"2015-09-12T14:45:57.505Z","v":0}
{"name":"hexo","hostname":"MacBook-Pro.local","pid":6413,"level":20,"msg":"Unchanged: \u001b[35msource/_posts/2015_05_21_01.md\u001b[39m","time":"2015-09-12T14:45:57.505Z","v":0}
{"name":"hexo","hostname":"MacBook-Pro.local","pid":6413,"level":20,"msg":"Unchanged: \u001b[35msource/_posts/2015_06_18_01.md\u001b[39m","time":"2015-09-12T14:45:57.506Z","v":0}
{"name":"hexo","hostname":"MacBook-Pro.local","pid":6413,"level":20,"msg":"Unchanged: \u001b[35msource/_posts/2015_06_14_01.md\u001b[39m","time":"2015-09-12T14:45:57.506Z","v":0}
{"name":"hexo","hostname":"MacBook-Pro.local","pid":6413,"level":20,"msg":"Unchanged: \u001b[35msource/_posts/2015_06_01_01.md\u001b[39m","time":"2015-09-12T14:45:57.507Z","v":0}
{"name":"hexo","hostname":"MacBook-Pro.local","pid":6413,"level":20,"msg":"Unchanged: \u001b[35msource/_posts/2015_07_02_01.md\u001b[39m","time":"2015-09-12T14:45:57.508Z","v":0}
{"name":"hexo","hostname":"MacBook-Pro.local","pid":6413,"level":20,"msg":"Unchanged: \u001b[35msource/_posts/2015_07_20_01.md\u001b[39m","time":"2015-09-12T14:45:57.508Z","v":0}
{"name":"hexo","hostname":"MacBook-Pro.local","pid":6413,"level":20,"msg":"Unchanged: \u001b[35msource/favicon.png\u001b[39m","time":"2015-09-12T14:45:57.508Z","v":0}
{"name":"hexo","hostname":"MacBook-Pro.local","pid":6413,"level":20,"msg":"Unchanged: \u001b[35msource/_posts/2015_08_05_01.md\u001b[39m","time":"2015-09-12T14:45:57.508Z","v":0}
{"name":"hexo","hostname":"MacBook-Pro.local","pid":6413,"level":20,"msg":"Unchanged: \u001b[35msource/_posts/2015_08_15_01.md\u001b[39m","time":"2015-09-12T14:45:57.508Z","v":0}
{"name":"hexo","hostname":"MacBook-Pro.local","pid":6413,"level":20,"msg":"Processed: \u001b[35m_posts/2014_09_29_01.md\u001b[39m","time":"2015-09-12T14:45:57.515Z","v":0}
{"name":"hexo","hostname":"MacBook-Pro.local","pid":6413,"level":20,"msg":"Processed: \u001b[35m_posts/2015_08_15_01.md\u001b[39m","time":"2015-09-12T14:45:57.516Z","v":0}
{"name":"hexo","hostname":"MacBook-Pro.local","pid":6413,"level":20,"msg":"Processed: \u001b[35mfavicon.png\u001b[39m","time":"2015-09-12T14:45:57.519Z","v":0}
{"name":"hexo","hostname":"MacBook-Pro.local","pid":6413,"level":20,"msg":"Processed: \u001b[35m_posts/2015_08_05_01.md\u001b[39m","time":"2015-09-12T14:45:57.520Z","v":0}
{"name":"hexo","hostname":"MacBook-Pro.local","pid":6413,"level":20,"msg":"Processed: \u001b[35m_posts/2015_07_20_01.md\u001b[39m","time":"2015-09-12T14:45:57.521Z","v":0}
{"name":"hexo","hostname":"MacBook-Pro.local","pid":6413,"level":20,"msg":"Processed: \u001b[35m_posts/2015_06_01_01.md\u001b[39m","time":"2015-09-12T14:45:57.521Z","v":0}
{"name":"hexo","hostname":"MacBook-Pro.local","pid":6413,"level":20,"msg":"Processed: \u001b[35m_posts/2015_07_02_01.md\u001b[39m","time":"2015-09-12T14:45:57.522Z","v":0}
{"name":"hexo","hostname":"MacBook-Pro.local","pid":6413,"level":20,"msg":"Processed: \u001b[35m_posts/2015_06_18_01.md\u001b[39m","time":"2015-09-12T14:45:57.522Z","v":0}
{"name":"hexo","hostname":"MacBook-Pro.local","pid":6413,"level":20,"msg":"Processed: \u001b[35m_posts/2015_06_14_01.md\u001b[39m","time":"2015-09-12T14:45:57.524Z","v":0}
{"name":"hexo","hostname":"MacBook-Pro.local","pid":6413,"level":20,"msg":"Processed: \u001b[35m_posts/2015_04_26_01.md\u001b[39m","time":"2015-09-12T14:45:57.525Z","v":0}
{"name":"hexo","hostname":"MacBook-Pro.local","pid":6413,"level":20,"msg":"Processed: \u001b[35m_posts/2015_05_21_01.md\u001b[39m","time":"2015-09-12T14:45:57.526Z","v":0}
{"name":"hexo","hostname":"MacBook-Pro.local","pid":6413,"level":20,"msg":"Processed: \u001b[35m_posts/2015_01_15_02.md\u001b[39m","time":"2015-09-12T14:45:57.528Z","v":0}
{"name":"hexo","hostname":"MacBook-Pro.local","pid":6413,"level":20,"msg":"Processed: \u001b[35m_posts/2015_01_15_03.md\u001b[39m","time":"2015-09-12T14:45:57.529Z","v":0}
{"name":"hexo","hostname":"MacBook-Pro.local","pid":6413,"level":20,"msg":"Processed: \u001b[35m_posts/2015_02_26_01.md\u001b[39m","time":"2015-09-12T14:45:57.530Z","v":0}
{"name":"hexo","hostname":"MacBook-Pro.local","pid":6413,"level":20,"msg":"Processed: \u001b[35m_posts/2015_02_26_02.md\u001b[39m","time":"2015-09-12T14:45:57.531Z","v":0}
{"name":"hexo","hostname":"MacBook-Pro.local","pid":6413,"level":20,"msg":"Processed: \u001b[35m_posts/2015_01_21_01.md\u001b[39m","time":"2015-09-12T14:45:57.532Z","v":0}
{"name":"hexo","hostname":"MacBook-Pro.local","pid":6413,"level":20,"msg":"Processed: \u001b[35m_posts/2015_01_20_01.md\u001b[39m","time":"2015-09-12T14:45:57.533Z","v":0}
{"name":"hexo","hostname":"MacBook-Pro.local","pid":6413,"level":20,"msg":"Processed: \u001b[35m_posts/2015_01_15_01.md\u001b[39m","time":"2015-09-12T14:45:57.533Z","v":0}
{"name":"hexo","hostname":"MacBook-Pro.local","pid":6413,"level":20,"msg":"Processed: \u001b[35m_posts/2014_12_18_02.md\u001b[39m","time":"2015-09-12T14:45:57.534Z","v":0}
{"name":"hexo","hostname":"MacBook-Pro.local","pid":6413,"level":20,"msg":"Processed: \u001b[35m_posts/2014_11_28_01.md\u001b[39m","time":"2015-09-12T14:45:57.535Z","v":0}
{"name":"hexo","hostname":"MacBook-Pro.local","pid":6413,"level":20,"msg":"Processed: \u001b[35m_posts/2014_11_26_01.md\u001b[39m","time":"2015-09-12T14:45:57.536Z","v":0}
{"name":"hexo","hostname":"MacBook-Pro.local","pid":6413,"level":20,"msg":"Processed: \u001b[35m_posts/2014_12_08_01.md\u001b[39m","time":"2015-09-12T14:45:57.536Z","v":0}
{"name":"hexo","hostname":"MacBook-Pro.local","pid":6413,"level":20,"msg":"Processed: \u001b[35m_posts/2014_11_29_01.md\u001b[39m","time":"2015-09-12T14:45:57.537Z","v":0}
{"name":"hexo","hostname":"MacBook-Pro.local","pid":6413,"level":20,"msg":"Processed: \u001b[35m_posts/2014_11_21_01.md\u001b[39m","time":"2015-09-12T14:45:57.538Z","v":0}
{"name":"hexo","hostname":"MacBook-Pro.local","pid":6413,"level":20,"msg":"Processed: \u001b[35m_posts/2014_11_19_01.md\u001b[39m","time":"2015-09-12T14:45:57.539Z","v":0}
{"name":"hexo","hostname":"MacBook-Pro.local","pid":6413,"level":20,"msg":"Processed: \u001b[35m_posts/2014_11_15_02.md\u001b[39m","time":"2015-09-12T14:45:57.539Z","v":0}
{"name":"hexo","hostname":"MacBook-Pro.local","pid":6413,"level":20,"msg":"Processed: \u001b[35m_posts/2014_11_15_01.md\u001b[39m","time":"2015-09-12T14:45:57.540Z","v":0}
{"name":"hexo","hostname":"MacBook-Pro.local","pid":6413,"level":20,"msg":"Processed: \u001b[35m_posts/2014_11_14_03.md\u001b[39m","time":"2015-09-12T14:45:57.540Z","v":0}
{"name":"hexo","hostname":"MacBook-Pro.local","pid":6413,"level":20,"msg":"Processed: \u001b[35m_posts/2014_11_14_02.md\u001b[39m","time":"2015-09-12T14:45:57.542Z","v":0}
{"name":"hexo","hostname":"MacBook-Pro.local","pid":6413,"level":20,"msg":"Processed: \u001b[35m_posts/2014_11_14_01.md\u001b[39m","time":"2015-09-12T14:45:57.542Z","v":0}
{"name":"hexo","hostname":"MacBook-Pro.local","pid":6413,"level":20,"msg":"Processed: \u001b[35m_posts/2014_11_03_02.md\u001b[39m","time":"2015-09-12T14:45:57.543Z","v":0}
{"name":"hexo","hostname":"MacBook-Pro.local","pid":6413,"level":20,"msg":"Processed: \u001b[35m_posts/2014_11_03_01.md\u001b[39m","time":"2015-09-12T14:45:57.544Z","v":0}
{"name":"hexo","hostname":"MacBook-Pro.local","pid":6413,"level":20,"msg":"Processed: \u001b[35m_posts/2014_10_25_01.md\u001b[39m","time":"2015-09-12T14:45:57.545Z","v":0}
{"name":"hexo","hostname":"MacBook-Pro.local","pid":6413,"level":20,"msg":"Processed: \u001b[35m_posts/2014_10_13_01.md\u001b[39m","time":"2015-09-12T14:45:57.546Z","v":0}
{"name":"hexo","hostname":"MacBook-Pro.local","pid":6413,"level":20,"msg":"Processed: \u001b[35m_posts/2014_10_10_14.md\u001b[39m","time":"2015-09-12T14:45:57.546Z","v":0}
{"name":"hexo","hostname":"MacBook-Pro.local","pid":6413,"level":20,"msg":"Processed: \u001b[35m_posts/2014_10_10_01.md\u001b[39m","time":"2015-09-12T14:45:57.547Z","v":0}
{"name":"hexo","hostname":"MacBook-Pro.local","pid":6413,"level":20,"msg":"Processed: \u001b[35m_posts/2014_10_09_01.md\u001b[39m","time":"2015-09-12T14:45:57.547Z","v":0}
{"name":"hexo","hostname":"MacBook-Pro.local","pid":6413,"level":20,"msg":"Processed: \u001b[35m_posts/2014_09_29_03.md\u001b[39m","time":"2015-09-12T14:45:57.547Z","v":0}
{"name":"hexo","hostname":"MacBook-Pro.local","pid":6413,"level":20,"msg":"Processed: \u001b[35m_posts/2014_09_29_02.md\u001b[39m","time":"2015-09-12T14:45:57.548Z","v":0}
{"name":"hexo","hostname":"MacBook-Pro.local","pid":6413,"level":20,"msg":"Added: \u001b[35mthemes/next/source/css/_common/_page/home.styl\u001b[39m","time":"2015-09-12T14:45:57.625Z","v":0}
{"name":"hexo","hostname":"MacBook-Pro.local","pid":6413,"level":20,"msg":"Added: \u001b[35mthemes/next/source/css/_mixins/Mist.styl\u001b[39m","time":"2015-09-12T14:45:57.625Z","v":0}
{"name":"hexo","hostname":"MacBook-Pro.local","pid":6413,"level":20,"msg":"Added: \u001b[35mthemes/next/source/css/_mixins/custom.styl\u001b[39m","time":"2015-09-12T14:45:57.626Z","v":0}
{"name":"hexo","hostname":"MacBook-Pro.local","pid":6413,"level":20,"msg":"Added: \u001b[35mthemes/next/source/css/_mixins/default.styl\u001b[39m","time":"2015-09-12T14:45:57.626Z","v":0}
{"name":"hexo","hostname":"MacBook-Pro.local","pid":6413,"level":20,"msg":"Added: \u001b[35mthemes/next/source/css/_variables/custom.styl\u001b[39m","time":"2015-09-12T14:45:57.626Z","v":0}
{"name":"hexo","hostname":"MacBook-Pro.local","pid":6413,"level":20,"msg":"Added: \u001b[35mthemes/next/source/css/_variables/default.styl\u001b[39m","time":"2015-09-12T14:45:57.626Z","v":0}
{"name":"hexo","hostname":"MacBook-Pro.local","pid":6413,"level":20,"msg":"Added: \u001b[35mthemes/next/README.en.md\u001b[39m","time":"2015-09-12T14:45:57.639Z","v":0}
{"name":"hexo","hostname":"MacBook-Pro.local","pid":6413,"level":20,"msg":"Added: \u001b[35mthemes/next/README.md\u001b[39m","time":"2015-09-12T14:45:57.639Z","v":0}
{"name":"hexo","hostname":"MacBook-Pro.local","pid":6413,"level":20,"msg":"Added: \u001b[35mthemes/next/_config.yml\u001b[39m","time":"2015-09-12T14:45:57.639Z","v":0}
{"name":"hexo","hostname":"MacBook-Pro.local","pid":6413,"level":20,"msg":"Added: \u001b[35mthemes/next/bower.json\u001b[39m","time":"2015-09-12T14:45:57.639Z","v":0}
{"name":"hexo","hostname":"MacBook-Pro.local","pid":6413,"level":20,"msg":"Added: \u001b[35mthemes/next/languages/de.yml\u001b[39m","time":"2015-09-12T14:45:57.639Z","v":0}
{"name":"hexo","hostname":"MacBook-Pro.local","pid":6413,"level":20,"msg":"Added: \u001b[35mthemes/next/languages/default.yml\u001b[39m","time":"2015-09-12T14:45:57.639Z","v":0}
{"name":"hexo","hostname":"MacBook-Pro.local","pid":6413,"level":20,"msg":"Added: \u001b[35mthemes/next/languages/en.yml\u001b[39m","time":"2015-09-12T14:45:57.639Z","v":0}
{"name":"hexo","hostname":"MacBook-Pro.local","pid":6413,"level":20,"msg":"Added: \u001b[35mthemes/next/languages/fr-FR.yml\u001b[39m","time":"2015-09-12T14:45:57.640Z","v":0}
{"name":"hexo","hostname":"MacBook-Pro.local","pid":6413,"level":20,"msg":"Added: \u001b[35mthemes/next/languages/ru.yml\u001b[39m","time":"2015-09-12T14:45:57.640Z","v":0}
{"name":"hexo","hostname":"MacBook-Pro.local","pid":6413,"level":20,"msg":"Added: \u001b[35mthemes/next/languages/zh-Hans.yml\u001b[39m","time":"2015-09-12T14:45:57.640Z","v":0}
{"name":"hexo","hostname":"MacBook-Pro.local","pid":6413,"level":20,"msg":"Added: \u001b[35mthemes/next/languages/zh-hk.yml\u001b[39m","time":"2015-09-12T14:45:57.640Z","v":0}
{"name":"hexo","hostname":"MacBook-Pro.local","pid":6413,"level":20,"msg":"Added: \u001b[35mthemes/next/languages/zh-tw.yml\u001b[39m","time":"2015-09-12T14:45:57.640Z","v":0}
{"name":"hexo","hostname":"MacBook-Pro.local","pid":6413,"level":20,"msg":"Added: \u001b[35mthemes/next/layout/_layout.swig\u001b[39m","time":"2015-09-12T14:45:57.640Z","v":0}
{"name":"hexo","hostname":"MacBook-Pro.local","pid":6413,"level":20,"msg":"Added: \u001b[35mthemes/next/layout/_macro/post-collapse.swig\u001b[39m","time":"2015-09-12T14:45:57.640Z","v":0}
{"name":"hexo","hostname":"MacBook-Pro.local","pid":6413,"level":20,"msg":"Added: \u001b[35mthemes/next/layout/_macro/post.swig\u001b[39m","time":"2015-09-12T14:45:57.640Z","v":0}
{"name":"hexo","hostname":"MacBook-Pro.local","pid":6413,"level":20,"msg":"Added: \u001b[35mthemes/next/layout/_macro/sidebar.swig\u001b[39m","time":"2015-09-12T14:45:57.640Z","v":0}
{"name":"hexo","hostname":"MacBook-Pro.local","pid":6413,"level":20,"msg":"Added: \u001b[35mthemes/next/layout/_partials/footer.swig\u001b[39m","time":"2015-09-12T14:45:57.640Z","v":0}
{"name":"hexo","hostname":"MacBook-Pro.local","pid":6413,"level":20,"msg":"Added: \u001b[35mthemes/next/layout/_partials/head.swig\u001b[39m","time":"2015-09-12T14:45:57.640Z","v":0}
{"name":"hexo","hostname":"MacBook-Pro.local","pid":6413,"level":20,"msg":"Added: \u001b[35mthemes/next/layout/_partials/header.swig\u001b[39m","time":"2015-09-12T14:45:57.640Z","v":0}
{"name":"hexo","hostname":"MacBook-Pro.local","pid":6413,"level":20,"msg":"Added: \u001b[35mthemes/next/layout/_partials/old-browsers.swig\u001b[39m","time":"2015-09-12T14:45:57.640Z","v":0}
{"name":"hexo","hostname":"MacBook-Pro.local","pid":6413,"level":20,"msg":"Added: \u001b[35mthemes/next/layout/_partials/pagination.swig\u001b[39m","time":"2015-09-12T14:45:57.641Z","v":0}
{"name":"hexo","hostname":"MacBook-Pro.local","pid":6413,"level":20,"msg":"Added: \u001b[35mthemes/next/layout/_partials/search/swiftype.swig\u001b[39m","time":"2015-09-12T14:45:57.641Z","v":0}
{"name":"hexo","hostname":"MacBook-Pro.local","pid":6413,"level":20,"msg":"Added: \u001b[35mthemes/next/layout/_partials/search/tinysou.swig\u001b[39m","time":"2015-09-12T14:45:57.641Z","v":0}
{"name":"hexo","hostname":"MacBook-Pro.local","pid":6413,"level":20,"msg":"Added: \u001b[35mthemes/next/layout/_partials/search.swig\u001b[39m","time":"2015-09-12T14:45:57.641Z","v":0}
{"name":"hexo","hostname":"MacBook-Pro.local","pid":6413,"level":20,"msg":"Added: \u001b[35mthemes/next/layout/_partials/share/duoshuo_share.swig\u001b[39m","time":"2015-09-12T14:45:57.641Z","v":0}
{"name":"hexo","hostname":"MacBook-Pro.local","pid":6413,"level":20,"msg":"Added: \u001b[35mthemes/next/layout/_partials/share/jiathis.swig\u001b[39m","time":"2015-09-12T14:45:57.641Z","v":0}
{"name":"hexo","hostname":"MacBook-Pro.local","pid":6413,"level":20,"msg":"Added: \u001b[35mthemes/next/layout/_scripts/analytics/baidu-analytics.swig\u001b[39m","time":"2015-09-12T14:45:57.641Z","v":0}
{"name":"hexo","hostname":"MacBook-Pro.local","pid":6413,"level":20,"msg":"Added: \u001b[35mthemes/next/layout/_scripts/analytics/google-analytics.swig\u001b[39m","time":"2015-09-12T14:45:57.641Z","v":0}
{"name":"hexo","hostname":"MacBook-Pro.local","pid":6413,"level":20,"msg":"Added: \u001b[35mthemes/next/layout/_scripts/analytics.swig\u001b[39m","time":"2015-09-12T14:45:57.641Z","v":0}
{"name":"hexo","hostname":"MacBook-Pro.local","pid":6413,"level":20,"msg":"Added: \u001b[35mthemes/next/layout/_scripts/baidushare.swig\u001b[39m","time":"2015-09-12T14:45:57.641Z","v":0}
{"name":"hexo","hostname":"MacBook-Pro.local","pid":6413,"level":20,"msg":"Added: \u001b[35mthemes/next/layout/_scripts/bootstrap.scrollspy.swig\u001b[39m","time":"2015-09-12T14:45:57.641Z","v":0}
{"name":"hexo","hostname":"MacBook-Pro.local","pid":6413,"level":20,"msg":"Added: \u001b[35mthemes/next/layout/_scripts/comments/disqus.swig\u001b[39m","time":"2015-09-12T14:45:57.642Z","v":0}
{"name":"hexo","hostname":"MacBook-Pro.local","pid":6413,"level":20,"msg":"Added: \u001b[35mthemes/next/layout/_scripts/comments/duoshuo.swig\u001b[39m","time":"2015-09-12T14:45:57.643Z","v":0}
{"name":"hexo","hostname":"MacBook-Pro.local","pid":6413,"level":20,"msg":"Added: \u001b[35mthemes/next/layout/_scripts/fancy-box.swig\u001b[39m","time":"2015-09-12T14:45:57.643Z","v":0}
{"name":"hexo","hostname":"MacBook-Pro.local","pid":6413,"level":20,"msg":"Added: \u001b[35mthemes/next/layout/_scripts/helpers.swig\u001b[39m","time":"2015-09-12T14:45:57.644Z","v":0}
{"name":"hexo","hostname":"MacBook-Pro.local","pid":6413,"level":20,"msg":"Added: \u001b[35mthemes/next/layout/_scripts/mathjax.swig\u001b[39m","time":"2015-09-12T14:45:57.644Z","v":0}
{"name":"hexo","hostname":"MacBook-Pro.local","pid":6413,"level":20,"msg":"Added: \u001b[35mthemes/next/layout/_scripts/motion.swig\u001b[39m","time":"2015-09-12T14:45:57.644Z","v":0}
{"name":"hexo","hostname":"MacBook-Pro.local","pid":6413,"level":20,"msg":"Added: \u001b[35mthemes/next/layout/_scripts/pages/post-details.swig\u001b[39m","time":"2015-09-12T14:45:57.644Z","v":0}
{"name":"hexo","hostname":"MacBook-Pro.local","pid":6413,"level":20,"msg":"Added: \u001b[35mthemes/next/layout/archive.swig\u001b[39m","time":"2015-09-12T14:45:57.644Z","v":0}
{"name":"hexo","hostname":"MacBook-Pro.local","pid":6413,"level":20,"msg":"Added: \u001b[35mthemes/next/layout/category.swig\u001b[39m","time":"2015-09-12T14:45:57.644Z","v":0}
{"name":"hexo","hostname":"MacBook-Pro.local","pid":6413,"level":20,"msg":"Added: \u001b[35mthemes/next/layout/index.swig\u001b[39m","time":"2015-09-12T14:45:57.644Z","v":0}
{"name":"hexo","hostname":"MacBook-Pro.local","pid":6413,"level":20,"msg":"Added: \u001b[35mthemes/next/layout/page.swig\u001b[39m","time":"2015-09-12T14:45:57.645Z","v":0}
{"name":"hexo","hostname":"MacBook-Pro.local","pid":6413,"level":20,"msg":"Added: \u001b[35mthemes/next/layout/post.swig\u001b[39m","time":"2015-09-12T14:45:57.645Z","v":0}
{"name":"hexo","hostname":"MacBook-Pro.local","pid":6413,"level":20,"msg":"Added: \u001b[35mthemes/next/layout/tag.swig\u001b[39m","time":"2015-09-12T14:45:57.645Z","v":0}
{"name":"hexo","hostname":"MacBook-Pro.local","pid":6413,"level":20,"msg":"Added: \u001b[35mthemes/next/scripts/merge-configs.js\u001b[39m","time":"2015-09-12T14:45:57.646Z","v":0}
{"name":"hexo","hostname":"MacBook-Pro.local","pid":6413,"level":20,"msg":"Added: \u001b[35mthemes/next/scripts/tags/center-quote.js\u001b[39m","time":"2015-09-12T14:45:57.646Z","v":0}
{"name":"hexo","hostname":"MacBook-Pro.local","pid":6413,"level":20,"msg":"Added: \u001b[35mthemes/next/scripts/tags/full-image.js\u001b[39m","time":"2015-09-12T14:45:57.646Z","v":0}
{"name":"hexo","hostname":"MacBook-Pro.local","pid":6413,"level":20,"msg":"Added: \u001b[35mthemes/next/source/css/_common/_component/back-to-top.styl\u001b[39m","time":"2015-09-12T14:45:57.646Z","v":0}
{"name":"hexo","hostname":"MacBook-Pro.local","pid":6413,"level":20,"msg":"Added: \u001b[35mthemes/next/source/css/_common/_component/buttons.styl\u001b[39m","time":"2015-09-12T14:45:57.646Z","v":0}
{"name":"hexo","hostname":"MacBook-Pro.local","pid":6413,"level":20,"msg":"Added: \u001b[35mthemes/next/source/css/_common/_component/comments.styl\u001b[39m","time":"2015-09-12T14:45:57.646Z","v":0}
{"name":"hexo","hostname":"MacBook-Pro.local","pid":6413,"level":20,"msg":"Added: \u001b[35mthemes/next/source/css/_common/_component/duoshuo.styl\u001b[39m","time":"2015-09-12T14:45:57.646Z","v":0}
{"name":"hexo","hostname":"MacBook-Pro.local","pid":6413,"level":20,"msg":"Added: \u001b[35mthemes/next/source/css/_common/_component/gallery.styl\u001b[39m","time":"2015-09-12T14:45:57.646Z","v":0}
{"name":"hexo","hostname":"MacBook-Pro.local","pid":6413,"level":20,"msg":"Added: \u001b[35mthemes/next/source/css/_common/_component/jiathis.styl\u001b[39m","time":"2015-09-12T14:45:57.647Z","v":0}
{"name":"hexo","hostname":"MacBook-Pro.local","pid":6413,"level":20,"msg":"Added: \u001b[35mthemes/next/source/css/_common/_component/pagination.styl\u001b[39m","time":"2015-09-12T14:45:57.647Z","v":0}
{"name":"hexo","hostname":"MacBook-Pro.local","pid":6413,"level":20,"msg":"Added: \u001b[35mthemes/next/source/css/_common/_component/posts-collapse.styl\u001b[39m","time":"2015-09-12T14:45:57.647Z","v":0}
{"name":"hexo","hostname":"MacBook-Pro.local","pid":6413,"level":20,"msg":"Added: \u001b[35mthemes/next/source/css/_common/_component/posts-expand.styl\u001b[39m","time":"2015-09-12T14:45:57.647Z","v":0}
{"name":"hexo","hostname":"MacBook-Pro.local","pid":6413,"level":20,"msg":"Added: \u001b[35mthemes/next/source/css/_common/_component/posts-type.styl\u001b[39m","time":"2015-09-12T14:45:57.647Z","v":0}
{"name":"hexo","hostname":"MacBook-Pro.local","pid":6413,"level":20,"msg":"Added: \u001b[35mthemes/next/source/css/_common/_component/tag-cloud.styl\u001b[39m","time":"2015-09-12T14:45:57.647Z","v":0}
{"name":"hexo","hostname":"MacBook-Pro.local","pid":6413,"level":20,"msg":"Added: \u001b[35mthemes/next/source/css/_common/_core/base.styl\u001b[39m","time":"2015-09-12T14:45:57.647Z","v":0}
{"name":"hexo","hostname":"MacBook-Pro.local","pid":6413,"level":20,"msg":"Added: \u001b[35mthemes/next/source/css/_common/_core/helpers.styl\u001b[39m","time":"2015-09-12T14:45:57.647Z","v":0}
{"name":"hexo","hostname":"MacBook-Pro.local","pid":6413,"level":20,"msg":"Added: \u001b[35mthemes/next/source/css/_common/_core/normalize.styl\u001b[39m","time":"2015-09-12T14:45:57.647Z","v":0}
{"name":"hexo","hostname":"MacBook-Pro.local","pid":6413,"level":20,"msg":"Added: \u001b[35mthemes/next/source/css/_common/_core/scaffolding.styl\u001b[39m","time":"2015-09-12T14:45:57.647Z","v":0}
{"name":"hexo","hostname":"MacBook-Pro.local","pid":6413,"level":20,"msg":"Added: \u001b[35mthemes/next/source/css/_common/_fonts/icon-default.styl\u001b[39m","time":"2015-09-12T14:45:57.648Z","v":0}
{"name":"hexo","hostname":"MacBook-Pro.local","pid":6413,"level":20,"msg":"Added: \u001b[35mthemes/next/source/css/_common/_core/tables.styl\u001b[39m","time":"2015-09-12T14:45:57.648Z","v":0}
{"name":"hexo","hostname":"MacBook-Pro.local","pid":6413,"level":20,"msg":"Added: \u001b[35mthemes/next/source/css/_common/_fonts/icon-feather.styl\u001b[39m","time":"2015-09-12T14:45:57.648Z","v":0}
{"name":"hexo","hostname":"MacBook-Pro.local","pid":6413,"level":20,"msg":"Added: \u001b[35mthemes/next/source/css/_common/_fonts/icon-fifty-shades.styl\u001b[39m","time":"2015-09-12T14:45:57.648Z","v":0}
{"name":"hexo","hostname":"MacBook-Pro.local","pid":6413,"level":20,"msg":"Added: \u001b[35mthemes/next/source/css/_common/_fonts/icon-font.styl\u001b[39m","time":"2015-09-12T14:45:57.649Z","v":0}
{"name":"hexo","hostname":"MacBook-Pro.local","pid":6413,"level":20,"msg":"Added: \u001b[35mthemes/next/source/css/_common/_fonts/icon-linecons.styl\u001b[39m","time":"2015-09-12T14:45:57.649Z","v":0}
{"name":"hexo","hostname":"MacBook-Pro.local","pid":6413,"level":20,"msg":"Added: \u001b[35mthemes/next/source/css/_common/_page/archive.styl\u001b[39m","time":"2015-09-12T14:45:57.649Z","v":0}
{"name":"hexo","hostname":"MacBook-Pro.local","pid":6413,"level":20,"msg":"Added: \u001b[35mthemes/next/source/css/_common/_page/categories.styl\u001b[39m","time":"2015-09-12T14:45:57.649Z","v":0}
{"name":"hexo","hostname":"MacBook-Pro.local","pid":6413,"level":20,"msg":"Added: \u001b[35mthemes/next/source/css/_common/_page/post-detail.styl\u001b[39m","time":"2015-09-12T14:45:57.650Z","v":0}
{"name":"hexo","hostname":"MacBook-Pro.local","pid":6413,"level":20,"msg":"Added: \u001b[35mthemes/next/source/css/_common/_section/body.styl\u001b[39m","time":"2015-09-12T14:45:57.650Z","v":0}
{"name":"hexo","hostname":"MacBook-Pro.local","pid":6413,"level":20,"msg":"Added: \u001b[35mthemes/next/source/css/_common/_section/footer.styl\u001b[39m","time":"2015-09-12T14:45:57.650Z","v":0}
{"name":"hexo","hostname":"MacBook-Pro.local","pid":6413,"level":20,"msg":"Added: \u001b[35mthemes/next/source/css/_common/_section/header.styl\u001b[39m","time":"2015-09-12T14:45:57.650Z","v":0}
{"name":"hexo","hostname":"MacBook-Pro.local","pid":6413,"level":20,"msg":"Added: \u001b[35mthemes/next/source/css/_common/_section/layout.styl\u001b[39m","time":"2015-09-12T14:45:57.651Z","v":0}
{"name":"hexo","hostname":"MacBook-Pro.local","pid":6413,"level":20,"msg":"Added: \u001b[35mthemes/next/source/css/_common/_section/media.styl\u001b[39m","time":"2015-09-12T14:45:57.651Z","v":0}
{"name":"hexo","hostname":"MacBook-Pro.local","pid":6413,"level":20,"msg":"Added: \u001b[35mthemes/next/source/css/_common/_section/sidebar.styl\u001b[39m","time":"2015-09-12T14:45:57.651Z","v":0}
{"name":"hexo","hostname":"MacBook-Pro.local","pid":6413,"level":20,"msg":"Added: \u001b[35mthemes/next/source/css/_common/_vendor/highlight/highlight.styl\u001b[39m","time":"2015-09-12T14:45:57.651Z","v":0}
{"name":"hexo","hostname":"MacBook-Pro.local","pid":6413,"level":20,"msg":"Added: \u001b[35mthemes/next/source/css/_common/_vendor/highlight/theme.styl\u001b[39m","time":"2015-09-12T14:45:57.651Z","v":0}
{"name":"hexo","hostname":"MacBook-Pro.local","pid":6413,"level":20,"msg":"Added: \u001b[35mthemes/next/source/css/_custom/custom.styl\u001b[39m","time":"2015-09-12T14:45:57.651Z","v":0}
{"name":"hexo","hostname":"MacBook-Pro.local","pid":6413,"level":20,"msg":"Added: \u001b[35mthemes/next/source/css/_mixins/base.styl\u001b[39m","time":"2015-09-12T14:45:57.651Z","v":0}
{"name":"hexo","hostname":"MacBook-Pro.local","pid":6413,"level":20,"msg":"Added: \u001b[35mthemes/next/source/css/_schemes/Mist/index.styl\u001b[39m","time":"2015-09-12T14:45:57.651Z","v":0}
{"name":"hexo","hostname":"MacBook-Pro.local","pid":6413,"level":20,"msg":"Added: \u001b[35mthemes/next/source/css/_schemes/default/_menu.styl\u001b[39m","time":"2015-09-12T14:45:57.651Z","v":0}
{"name":"hexo","hostname":"MacBook-Pro.local","pid":6413,"level":20,"msg":"Added: \u001b[35mthemes/next/source/css/_schemes/default/_search.styl\u001b[39m","time":"2015-09-12T14:45:57.652Z","v":0}
{"name":"hexo","hostname":"MacBook-Pro.local","pid":6413,"level":20,"msg":"Added: \u001b[35mthemes/next/source/css/_schemes/default/index.styl\u001b[39m","time":"2015-09-12T14:45:57.652Z","v":0}
{"name":"hexo","hostname":"MacBook-Pro.local","pid":6413,"level":20,"msg":"Added: \u001b[35mthemes/next/source/css/_variables/Mist.styl\u001b[39m","time":"2015-09-12T14:45:57.652Z","v":0}
{"name":"hexo","hostname":"MacBook-Pro.local","pid":6413,"level":20,"msg":"Added: \u001b[35mthemes/next/source/css/_variables/base.styl\u001b[39m","time":"2015-09-12T14:45:57.652Z","v":0}
{"name":"hexo","hostname":"MacBook-Pro.local","pid":6413,"level":20,"msg":"Added: \u001b[35mthemes/next/source/css/main.styl\u001b[39m","time":"2015-09-12T14:45:57.652Z","v":0}
{"name":"hexo","hostname":"MacBook-Pro.local","pid":6413,"level":20,"msg":"Added: \u001b[35mthemes/next/source/fonts/icon-default/icomoon.eot\u001b[39m","time":"2015-09-12T14:45:57.652Z","v":0}
{"name":"hexo","hostname":"MacBook-Pro.local","pid":6413,"level":20,"msg":"Added: \u001b[35mthemes/next/source/fonts/icon-default/icomoon.svg\u001b[39m","time":"2015-09-12T14:45:57.653Z","v":0}
{"name":"hexo","hostname":"MacBook-Pro.local","pid":6413,"level":20,"msg":"Added: \u001b[35mthemes/next/source/fonts/icon-default/icomoon.ttf\u001b[39m","time":"2015-09-12T14:45:57.653Z","v":0}
{"name":"hexo","hostname":"MacBook-Pro.local","pid":6413,"level":20,"msg":"Added: \u001b[35mthemes/next/source/fonts/icon-default/icomoon.woff\u001b[39m","time":"2015-09-12T14:45:57.653Z","v":0}
{"name":"hexo","hostname":"MacBook-Pro.local","pid":6413,"level":20,"msg":"Added: \u001b[35mthemes/next/source/fonts/icon-default/selection.json\u001b[39m","time":"2015-09-12T14:45:57.653Z","v":0}
{"name":"hexo","hostname":"MacBook-Pro.local","pid":6413,"level":20,"msg":"Added: \u001b[35mthemes/next/source/fonts/icon-feather/icomoon.eot\u001b[39m","time":"2015-09-12T14:45:57.653Z","v":0}
{"name":"hexo","hostname":"MacBook-Pro.local","pid":6413,"level":20,"msg":"Added: \u001b[35mthemes/next/source/fonts/icon-feather/icomoon.svg\u001b[39m","time":"2015-09-12T14:45:57.653Z","v":0}
{"name":"hexo","hostname":"MacBook-Pro.local","pid":6413,"level":20,"msg":"Added: \u001b[35mthemes/next/source/fonts/icon-feather/icomoon.ttf\u001b[39m","time":"2015-09-12T14:45:57.653Z","v":0}
{"name":"hexo","hostname":"MacBook-Pro.local","pid":6413,"level":20,"msg":"Added: \u001b[35mthemes/next/source/fonts/icon-feather/icomoon.woff\u001b[39m","time":"2015-09-12T14:45:57.653Z","v":0}
{"name":"hexo","hostname":"MacBook-Pro.local","pid":6413,"level":20,"msg":"Added: \u001b[35mthemes/next/source/fonts/icon-feather/selection.json\u001b[39m","time":"2015-09-12T14:45:57.653Z","v":0}
{"name":"hexo","hostname":"MacBook-Pro.local","pid":6413,"level":20,"msg":"Added: \u001b[35mthemes/next/source/fonts/icon-fifty-shades/icomoon.eot\u001b[39m","time":"2015-09-12T14:45:57.654Z","v":0}
{"name":"hexo","hostname":"MacBook-Pro.local","pid":6413,"level":20,"msg":"Added: \u001b[35mthemes/next/source/fonts/icon-fifty-shades/icomoon.svg\u001b[39m","time":"2015-09-12T14:45:57.654Z","v":0}
{"name":"hexo","hostname":"MacBook-Pro.local","pid":6413,"level":20,"msg":"Added: \u001b[35mthemes/next/source/fonts/icon-fifty-shades/icomoon.ttf\u001b[39m","time":"2015-09-12T14:45:57.654Z","v":0}
{"name":"hexo","hostname":"MacBook-Pro.local","pid":6413,"level":20,"msg":"Added: \u001b[35mthemes/next/source/fonts/icon-fifty-shades/icomoon.woff\u001b[39m","time":"2015-09-12T14:45:57.654Z","v":0}
{"name":"hexo","hostname":"MacBook-Pro.local","pid":6413,"level":20,"msg":"Added: \u001b[35mthemes/next/source/fonts/icon-fifty-shades/selection.json\u001b[39m","time":"2015-09-12T14:45:57.654Z","v":0}
{"name":"hexo","hostname":"MacBook-Pro.local","pid":6413,"level":20,"msg":"Added: \u001b[35mthemes/next/source/fonts/icon-icomoon/icomoon.eot\u001b[39m","time":"2015-09-12T14:45:57.654Z","v":0}
{"name":"hexo","hostname":"MacBook-Pro.local","pid":6413,"level":20,"msg":"Added: \u001b[35mthemes/next/source/fonts/icon-icomoon/icomoon.svg\u001b[39m","time":"2015-09-12T14:45:57.654Z","v":0}
{"name":"hexo","hostname":"MacBook-Pro.local","pid":6413,"level":20,"msg":"Added: \u001b[35mthemes/next/source/fonts/icon-icomoon/icomoon.ttf\u001b[39m","time":"2015-09-12T14:45:57.654Z","v":0}
{"name":"hexo","hostname":"MacBook-Pro.local","pid":6413,"level":20,"msg":"Added: \u001b[35mthemes/next/source/fonts/icon-icomoon/icomoon.woff\u001b[39m","time":"2015-09-12T14:45:57.654Z","v":0}
{"name":"hexo","hostname":"MacBook-Pro.local","pid":6413,"level":20,"msg":"Added: \u001b[35mthemes/next/source/fonts/icon-linecons/icomoon.eot\u001b[39m","time":"2015-09-12T14:45:57.654Z","v":0}
{"name":"hexo","hostname":"MacBook-Pro.local","pid":6413,"level":20,"msg":"Added: \u001b[35mthemes/next/source/fonts/icon-linecons/icomoon.svg\u001b[39m","time":"2015-09-12T14:45:57.654Z","v":0}
{"name":"hexo","hostname":"MacBook-Pro.local","pid":6413,"level":20,"msg":"Added: \u001b[35mthemes/next/source/fonts/icon-linecons/icomoon.ttf\u001b[39m","time":"2015-09-12T14:45:57.654Z","v":0}
{"name":"hexo","hostname":"MacBook-Pro.local","pid":6413,"level":20,"msg":"Added: \u001b[35mthemes/next/source/fonts/icon-linecons/icomoon.woff\u001b[39m","time":"2015-09-12T14:45:57.655Z","v":0}
{"name":"hexo","hostname":"MacBook-Pro.local","pid":6413,"level":20,"msg":"Added: \u001b[35mthemes/next/source/fonts/icon-linecons/selection.json\u001b[39m","time":"2015-09-12T14:45:57.655Z","v":0}
{"name":"hexo","hostname":"MacBook-Pro.local","pid":6413,"level":20,"msg":"Added: \u001b[35mthemes/next/source/images/bkdefault_avatar.jpg\u001b[39m","time":"2015-09-12T14:45:57.655Z","v":0}
{"name":"hexo","hostname":"MacBook-Pro.local","pid":6413,"level":20,"msg":"Added: \u001b[35mthemes/next/source/images/cc-by-nc-nd.svg\u001b[39m","time":"2015-09-12T14:45:57.655Z","v":0}
{"name":"hexo","hostname":"MacBook-Pro.local","pid":6413,"level":20,"msg":"Added: \u001b[35mthemes/next/source/images/cc-by-nc-sa.svg\u001b[39m","time":"2015-09-12T14:45:57.655Z","v":0}
{"name":"hexo","hostname":"MacBook-Pro.local","pid":6413,"level":20,"msg":"Added: \u001b[35mthemes/next/source/images/cc-by-nc.svg\u001b[39m","time":"2015-09-12T14:45:57.655Z","v":0}
{"name":"hexo","hostname":"MacBook-Pro.local","pid":6413,"level":20,"msg":"Added: \u001b[35mthemes/next/source/images/cc-by-nd.svg\u001b[39m","time":"2015-09-12T14:45:57.655Z","v":0}
{"name":"hexo","hostname":"MacBook-Pro.local","pid":6413,"level":20,"msg":"Added: \u001b[35mthemes/next/source/images/cc-by-sa.svg\u001b[39m","time":"2015-09-12T14:45:57.656Z","v":0}
{"name":"hexo","hostname":"MacBook-Pro.local","pid":6413,"level":20,"msg":"Added: \u001b[35mthemes/next/source/images/cc-by.svg\u001b[39m","time":"2015-09-12T14:45:57.656Z","v":0}
{"name":"hexo","hostname":"MacBook-Pro.local","pid":6413,"level":20,"msg":"Added: \u001b[35mthemes/next/source/images/cc-zero.svg\u001b[39m","time":"2015-09-12T14:45:57.656Z","v":0}
{"name":"hexo","hostname":"MacBook-Pro.local","pid":6413,"level":20,"msg":"Added: \u001b[35mthemes/next/source/images/loading.gif\u001b[39m","time":"2015-09-12T14:45:57.656Z","v":0}
{"name":"hexo","hostname":"MacBook-Pro.local","pid":6413,"level":20,"msg":"Added: \u001b[35mthemes/next/source/images/placeholder.gif\u001b[39m","time":"2015-09-12T14:45:57.656Z","v":0}
{"name":"hexo","hostname":"MacBook-Pro.local","pid":6413,"level":20,"msg":"Added: \u001b[35mthemes/next/source/images/searchicon.png\u001b[39m","time":"2015-09-12T14:45:57.656Z","v":0}
{"name":"hexo","hostname":"MacBook-Pro.local","pid":6413,"level":20,"msg":"Added: \u001b[35mthemes/next/source/js/bootstrap.scrollspy.js\u001b[39m","time":"2015-09-12T14:45:57.656Z","v":0}
{"name":"hexo","hostname":"MacBook-Pro.local","pid":6413,"level":20,"msg":"Added: \u001b[35mthemes/next/source/js/fancy-box.js\u001b[39m","time":"2015-09-12T14:45:57.656Z","v":0}
{"name":"hexo","hostname":"MacBook-Pro.local","pid":6413,"level":20,"msg":"Added: \u001b[35mthemes/next/source/js/helpers.js\u001b[39m","time":"2015-09-12T14:45:57.656Z","v":0}
{"name":"hexo","hostname":"MacBook-Pro.local","pid":6413,"level":20,"msg":"Added: \u001b[35mthemes/next/source/js/hook-duoshuo.js\u001b[39m","time":"2015-09-12T14:45:57.657Z","v":0}
{"name":"hexo","hostname":"MacBook-Pro.local","pid":6413,"level":20,"msg":"Added: \u001b[35mthemes/next/source/js/lazyload.js\u001b[39m","time":"2015-09-12T14:45:57.657Z","v":0}
{"name":"hexo","hostname":"MacBook-Pro.local","pid":6413,"level":20,"msg":"Added: \u001b[35mthemes/next/source/js/motion_fallback.js\u001b[39m","time":"2015-09-12T14:45:57.657Z","v":0}
{"name":"hexo","hostname":"MacBook-Pro.local","pid":6413,"level":20,"msg":"Added: \u001b[35mthemes/next/source/js/motion_global.js\u001b[39m","time":"2015-09-12T14:45:57.657Z","v":0}
{"name":"hexo","hostname":"MacBook-Pro.local","pid":6413,"level":20,"msg":"Added: \u001b[35mthemes/next/source/js/nav-toggle.js\u001b[39m","time":"2015-09-12T14:45:57.658Z","v":0}
{"name":"hexo","hostname":"MacBook-Pro.local","pid":6413,"level":20,"msg":"Added: \u001b[35mthemes/next/source/js/ua-parser.min.js\u001b[39m","time":"2015-09-12T14:45:57.658Z","v":0}
{"name":"hexo","hostname":"MacBook-Pro.local","pid":6413,"level":20,"msg":"Added: \u001b[35mthemes/next/source/vendors/fancybox/source/blank.gif\u001b[39m","time":"2015-09-12T14:45:57.658Z","v":0}
{"name":"hexo","hostname":"MacBook-Pro.local","pid":6413,"level":20,"msg":"Added: \u001b[35mthemes/next/source/vendors/fancybox/source/fancybox_loading.gif\u001b[39m","time":"2015-09-12T14:45:57.658Z","v":0}
{"name":"hexo","hostname":"MacBook-Pro.local","pid":6413,"level":20,"msg":"Added: \u001b[35mthemes/next/source/vendors/fancybox/source/fancybox_loading@2x.gif\u001b[39m","time":"2015-09-12T14:45:57.658Z","v":0}
{"name":"hexo","hostname":"MacBook-Pro.local","pid":6413,"level":20,"msg":"Added: \u001b[35mthemes/next/source/vendors/fancybox/source/fancybox_overlay.png\u001b[39m","time":"2015-09-12T14:45:57.658Z","v":0}
{"name":"hexo","hostname":"MacBook-Pro.local","pid":6413,"level":20,"msg":"Added: \u001b[35mthemes/next/source/vendors/fancybox/source/fancybox_sprite.png\u001b[39m","time":"2015-09-12T14:45:57.658Z","v":0}
{"name":"hexo","hostname":"MacBook-Pro.local","pid":6413,"level":20,"msg":"Added: \u001b[35mthemes/next/source/vendors/fancybox/source/helpers/fancybox_buttons.png\u001b[39m","time":"2015-09-12T14:45:57.658Z","v":0}
{"name":"hexo","hostname":"MacBook-Pro.local","pid":6413,"level":20,"msg":"Added: \u001b[35mthemes/next/source/vendors/fancybox/source/helpers/jquery.fancybox-buttons.css\u001b[39m","time":"2015-09-12T14:45:57.658Z","v":0}
{"name":"hexo","hostname":"MacBook-Pro.local","pid":6413,"level":20,"msg":"Added: \u001b[35mthemes/next/source/vendors/fancybox/source/fancybox_sprite@2x.png\u001b[39m","time":"2015-09-12T14:45:57.659Z","v":0}
{"name":"hexo","hostname":"MacBook-Pro.local","pid":6413,"level":20,"msg":"Added: \u001b[35mthemes/next/source/vendors/fancybox/source/helpers/jquery.fancybox-buttons.js\u001b[39m","time":"2015-09-12T14:45:57.659Z","v":0}
{"name":"hexo","hostname":"MacBook-Pro.local","pid":6413,"level":20,"msg":"Added: \u001b[35mthemes/next/source/vendors/fancybox/source/helpers/jquery.fancybox-media.js\u001b[39m","time":"2015-09-12T14:45:57.659Z","v":0}
{"name":"hexo","hostname":"MacBook-Pro.local","pid":6413,"level":20,"msg":"Added: \u001b[35mthemes/next/source/vendors/fancybox/source/helpers/jquery.fancybox-thumbs.css\u001b[39m","time":"2015-09-12T14:45:57.659Z","v":0}
{"name":"hexo","hostname":"MacBook-Pro.local","pid":6413,"level":20,"msg":"Added: \u001b[35mthemes/next/source/vendors/fancybox/source/helpers/jquery.fancybox-thumbs.js\u001b[39m","time":"2015-09-12T14:45:57.660Z","v":0}
{"name":"hexo","hostname":"MacBook-Pro.local","pid":6413,"level":20,"msg":"Added: \u001b[35mthemes/next/source/vendors/fancybox/source/jquery.fancybox.css\u001b[39m","time":"2015-09-12T14:45:57.660Z","v":0}
{"name":"hexo","hostname":"MacBook-Pro.local","pid":6413,"level":20,"msg":"Added: \u001b[35mthemes/next/source/vendors/fancybox/source/jquery.fancybox.pack.js\u001b[39m","time":"2015-09-12T14:45:57.660Z","v":0}
{"name":"hexo","hostname":"MacBook-Pro.local","pid":6413,"level":20,"msg":"Added: \u001b[35mthemes/next/source/vendors/fancybox/source/jquery.fancybox.js\u001b[39m","time":"2015-09-12T14:45:57.660Z","v":0}
{"name":"hexo","hostname":"MacBook-Pro.local","pid":6413,"level":20,"msg":"Added: \u001b[35mthemes/next/source/vendors/fastclick/LICENSE\u001b[39m","time":"2015-09-12T14:45:57.660Z","v":0}
{"name":"hexo","hostname":"MacBook-Pro.local","pid":6413,"level":20,"msg":"Added: \u001b[35mthemes/next/source/vendors/fastclick/README.md\u001b[39m","time":"2015-09-12T14:45:57.660Z","v":0}
{"name":"hexo","hostname":"MacBook-Pro.local","pid":6413,"level":20,"msg":"Added: \u001b[35mthemes/next/source/vendors/fastclick/bower.json\u001b[39m","time":"2015-09-12T14:45:57.661Z","v":0}
{"name":"hexo","hostname":"MacBook-Pro.local","pid":6413,"level":20,"msg":"Added: \u001b[35mthemes/next/source/vendors/fastclick/lib/fastclick.min.js\u001b[39m","time":"2015-09-12T14:45:57.661Z","v":0}
{"name":"hexo","hostname":"MacBook-Pro.local","pid":6413,"level":20,"msg":"Added: \u001b[35mthemes/next/source/vendors/fastclick/lib/fastclick.js\u001b[39m","time":"2015-09-12T14:45:57.661Z","v":0}
{"name":"hexo","hostname":"MacBook-Pro.local","pid":6413,"level":20,"msg":"Added: \u001b[35mthemes/next/source/vendors/velocity/bower.json\u001b[39m","time":"2015-09-12T14:45:57.661Z","v":0}
{"name":"hexo","hostname":"MacBook-Pro.local","pid":6413,"level":20,"msg":"Added: \u001b[35mthemes/next/source/vendors/velocity/velocity.min.js\u001b[39m","time":"2015-09-12T14:45:57.661Z","v":0}
{"name":"hexo","hostname":"MacBook-Pro.local","pid":6413,"level":20,"msg":"Added: \u001b[35mthemes/next/source/vendors/velocity/velocity.ui.js\u001b[39m","time":"2015-09-12T14:45:57.661Z","v":0}
{"name":"hexo","hostname":"MacBook-Pro.local","pid":6413,"level":20,"msg":"Added: \u001b[35mthemes/next/source/vendors/velocity/velocity.ui.min.js\u001b[39m","time":"2015-09-12T14:45:57.661Z","v":0}
{"name":"hexo","hostname":"MacBook-Pro.local","pid":6413,"level":20,"msg":"Added: \u001b[35mthemes/next/test/helpers.js\u001b[39m","time":"2015-09-12T14:45:57.662Z","v":0}
{"name":"hexo","hostname":"MacBook-Pro.local","pid":6413,"level":20,"msg":"Added: \u001b[35mthemes/next/test/intern.js\u001b[39m","time":"2015-09-12T14:45:57.662Z","v":0}
{"name":"hexo","hostname":"MacBook-Pro.local","pid":6413,"level":20,"msg":"Added: \u001b[35mthemes/next/source/vendors/jquery/index.js\u001b[39m","time":"2015-09-12T14:45:57.675Z","v":0}
{"name":"hexo","hostname":"MacBook-Pro.local","pid":6413,"level":20,"msg":"Added: \u001b[35mthemes/next/source/vendors/velocity/velocity.js\u001b[39m","time":"2015-09-12T14:45:57.676Z","v":0}
{"name":"hexo","hostname":"MacBook-Pro.local","pid":6413,"level":20,"msg":"Processed: \u001b[35msource/vendors/velocity/velocity.ui.min.js\u001b[39m","time":"2015-09-12T14:45:57.678Z","v":0}
{"name":"hexo","hostname":"MacBook-Pro.local","pid":6413,"level":20,"msg":"Processed: \u001b[35msource/vendors/velocity/velocity.ui.js\u001b[39m","time":"2015-09-12T14:45:57.679Z","v":0}
{"name":"hexo","hostname":"MacBook-Pro.local","pid":6413,"level":20,"msg":"Processed: \u001b[35msource/vendors/velocity/velocity.min.js\u001b[39m","time":"2015-09-12T14:45:57.679Z","v":0}
{"name":"hexo","hostname":"MacBook-Pro.local","pid":6413,"level":20,"msg":"Processed: \u001b[35msource/vendors/velocity/velocity.js\u001b[39m","time":"2015-09-12T14:45:57.680Z","v":0}
{"name":"hexo","hostname":"MacBook-Pro.local","pid":6413,"level":20,"msg":"Processed: \u001b[35msource/vendors/velocity/bower.json\u001b[39m","time":"2015-09-12T14:45:57.681Z","v":0}
{"name":"hexo","hostname":"MacBook-Pro.local","pid":6413,"level":20,"msg":"Processed: \u001b[35msource/vendors/jquery/index.js\u001b[39m","time":"2015-09-12T14:45:57.681Z","v":0}
{"name":"hexo","hostname":"MacBook-Pro.local","pid":6413,"level":20,"msg":"Processed: \u001b[35msource/vendors/fastclick/lib/fastclick.min.js\u001b[39m","time":"2015-09-12T14:45:57.681Z","v":0}
{"name":"hexo","hostname":"MacBook-Pro.local","pid":6413,"level":20,"msg":"Processed: \u001b[35msource/vendors/fastclick/lib/fastclick.js\u001b[39m","time":"2015-09-12T14:45:57.682Z","v":0}
{"name":"hexo","hostname":"MacBook-Pro.local","pid":6413,"level":20,"msg":"Processed: \u001b[35msource/vendors/fastclick/bower.json\u001b[39m","time":"2015-09-12T14:45:57.682Z","v":0}
{"name":"hexo","hostname":"MacBook-Pro.local","pid":6413,"level":20,"msg":"Processed: \u001b[35msource/vendors/fastclick/README.md\u001b[39m","time":"2015-09-12T14:45:57.682Z","v":0}
{"name":"hexo","hostname":"MacBook-Pro.local","pid":6413,"level":20,"msg":"Processed: \u001b[35msource/vendors/fastclick/LICENSE\u001b[39m","time":"2015-09-12T14:45:57.682Z","v":0}
{"name":"hexo","hostname":"MacBook-Pro.local","pid":6413,"level":20,"msg":"Processed: \u001b[35msource/vendors/fancybox/source/jquery.fancybox.pack.js\u001b[39m","time":"2015-09-12T14:45:57.683Z","v":0}
{"name":"hexo","hostname":"MacBook-Pro.local","pid":6413,"level":20,"msg":"Processed: \u001b[35msource/vendors/fancybox/source/jquery.fancybox.js\u001b[39m","time":"2015-09-12T14:45:57.683Z","v":0}
{"name":"hexo","hostname":"MacBook-Pro.local","pid":6413,"level":20,"msg":"Processed: \u001b[35msource/vendors/fancybox/source/jquery.fancybox.css\u001b[39m","time":"2015-09-12T14:45:57.683Z","v":0}
{"name":"hexo","hostname":"MacBook-Pro.local","pid":6413,"level":20,"msg":"Processed: \u001b[35msource/vendors/fancybox/source/helpers/jquery.fancybox-thumbs.js\u001b[39m","time":"2015-09-12T14:45:57.683Z","v":0}
{"name":"hexo","hostname":"MacBook-Pro.local","pid":6413,"level":20,"msg":"Processed: \u001b[35msource/vendors/fancybox/source/helpers/jquery.fancybox-thumbs.css\u001b[39m","time":"2015-09-12T14:45:57.684Z","v":0}
{"name":"hexo","hostname":"MacBook-Pro.local","pid":6413,"level":20,"msg":"Processed: \u001b[35msource/vendors/fancybox/source/helpers/jquery.fancybox-media.js\u001b[39m","time":"2015-09-12T14:45:57.684Z","v":0}
{"name":"hexo","hostname":"MacBook-Pro.local","pid":6413,"level":20,"msg":"Processed: \u001b[35msource/vendors/fancybox/source/helpers/jquery.fancybox-buttons.js\u001b[39m","time":"2015-09-12T14:45:57.684Z","v":0}
{"name":"hexo","hostname":"MacBook-Pro.local","pid":6413,"level":20,"msg":"Processed: \u001b[35msource/vendors/fancybox/source/helpers/jquery.fancybox-buttons.css\u001b[39m","time":"2015-09-12T14:45:57.684Z","v":0}
{"name":"hexo","hostname":"MacBook-Pro.local","pid":6413,"level":20,"msg":"Processed: \u001b[35msource/vendors/fancybox/source/helpers/fancybox_buttons.png\u001b[39m","time":"2015-09-12T14:45:57.685Z","v":0}
{"name":"hexo","hostname":"MacBook-Pro.local","pid":6413,"level":20,"msg":"Processed: \u001b[35msource/vendors/fancybox/source/fancybox_sprite@2x.png\u001b[39m","time":"2015-09-12T14:45:57.685Z","v":0}
{"name":"hexo","hostname":"MacBook-Pro.local","pid":6413,"level":20,"msg":"Processed: \u001b[35msource/vendors/fancybox/source/fancybox_sprite.png\u001b[39m","time":"2015-09-12T14:45:57.686Z","v":0}
{"name":"hexo","hostname":"MacBook-Pro.local","pid":6413,"level":20,"msg":"Processed: \u001b[35msource/vendors/fancybox/source/fancybox_overlay.png\u001b[39m","time":"2015-09-12T14:45:57.686Z","v":0}
{"name":"hexo","hostname":"MacBook-Pro.local","pid":6413,"level":20,"msg":"Processed: \u001b[35msource/vendors/fancybox/source/fancybox_loading@2x.gif\u001b[39m","time":"2015-09-12T14:45:57.686Z","v":0}
{"name":"hexo","hostname":"MacBook-Pro.local","pid":6413,"level":20,"msg":"Processed: \u001b[35msource/vendors/fancybox/source/fancybox_loading.gif\u001b[39m","time":"2015-09-12T14:45:57.687Z","v":0}
{"name":"hexo","hostname":"MacBook-Pro.local","pid":6413,"level":20,"msg":"Processed: \u001b[35msource/vendors/fancybox/source/blank.gif\u001b[39m","time":"2015-09-12T14:45:57.687Z","v":0}
{"name":"hexo","hostname":"MacBook-Pro.local","pid":6413,"level":20,"msg":"Processed: \u001b[35msource/js/ua-parser.min.js\u001b[39m","time":"2015-09-12T14:45:57.687Z","v":0}
{"name":"hexo","hostname":"MacBook-Pro.local","pid":6413,"level":20,"msg":"Processed: \u001b[35msource/js/nav-toggle.js\u001b[39m","time":"2015-09-12T14:45:57.687Z","v":0}
{"name":"hexo","hostname":"MacBook-Pro.local","pid":6413,"level":20,"msg":"Processed: \u001b[35msource/js/motion_global.js\u001b[39m","time":"2015-09-12T14:45:57.688Z","v":0}
{"name":"hexo","hostname":"MacBook-Pro.local","pid":6413,"level":20,"msg":"Processed: \u001b[35msource/js/motion_fallback.js\u001b[39m","time":"2015-09-12T14:45:57.688Z","v":0}
{"name":"hexo","hostname":"MacBook-Pro.local","pid":6413,"level":20,"msg":"Processed: \u001b[35msource/js/lazyload.js\u001b[39m","time":"2015-09-12T14:45:57.688Z","v":0}
{"name":"hexo","hostname":"MacBook-Pro.local","pid":6413,"level":20,"msg":"Processed: \u001b[35msource/js/hook-duoshuo.js\u001b[39m","time":"2015-09-12T14:45:57.688Z","v":0}
{"name":"hexo","hostname":"MacBook-Pro.local","pid":6413,"level":20,"msg":"Processed: \u001b[35msource/js/helpers.js\u001b[39m","time":"2015-09-12T14:45:57.689Z","v":0}
{"name":"hexo","hostname":"MacBook-Pro.local","pid":6413,"level":20,"msg":"Processed: \u001b[35msource/js/fancy-box.js\u001b[39m","time":"2015-09-12T14:45:57.689Z","v":0}
{"name":"hexo","hostname":"MacBook-Pro.local","pid":6413,"level":20,"msg":"Processed: \u001b[35msource/js/bootstrap.scrollspy.js\u001b[39m","time":"2015-09-12T14:45:57.689Z","v":0}
{"name":"hexo","hostname":"MacBook-Pro.local","pid":6413,"level":20,"msg":"Processed: \u001b[35msource/images/searchicon.png\u001b[39m","time":"2015-09-12T14:45:57.690Z","v":0}
{"name":"hexo","hostname":"MacBook-Pro.local","pid":6413,"level":20,"msg":"Processed: \u001b[35msource/images/placeholder.gif\u001b[39m","time":"2015-09-12T14:45:57.690Z","v":0}
{"name":"hexo","hostname":"MacBook-Pro.local","pid":6413,"level":20,"msg":"Processed: \u001b[35msource/images/loading.gif\u001b[39m","time":"2015-09-12T14:45:57.690Z","v":0}
{"name":"hexo","hostname":"MacBook-Pro.local","pid":6413,"level":20,"msg":"Processed: \u001b[35msource/images/cc-zero.svg\u001b[39m","time":"2015-09-12T14:45:57.690Z","v":0}
{"name":"hexo","hostname":"MacBook-Pro.local","pid":6413,"level":20,"msg":"Processed: \u001b[35msource/images/cc-by.svg\u001b[39m","time":"2015-09-12T14:45:57.691Z","v":0}
{"name":"hexo","hostname":"MacBook-Pro.local","pid":6413,"level":20,"msg":"Processed: \u001b[35msource/images/cc-by-sa.svg\u001b[39m","time":"2015-09-12T14:45:57.691Z","v":0}
{"name":"hexo","hostname":"MacBook-Pro.local","pid":6413,"level":20,"msg":"Processed: \u001b[35msource/images/cc-by-nd.svg\u001b[39m","time":"2015-09-12T14:45:57.691Z","v":0}
{"name":"hexo","hostname":"MacBook-Pro.local","pid":6413,"level":20,"msg":"Processed: \u001b[35msource/images/cc-by-nc.svg\u001b[39m","time":"2015-09-12T14:45:57.691Z","v":0}
{"name":"hexo","hostname":"MacBook-Pro.local","pid":6413,"level":20,"msg":"Processed: \u001b[35msource/images/cc-by-nc-sa.svg\u001b[39m","time":"2015-09-12T14:45:57.692Z","v":0}
{"name":"hexo","hostname":"MacBook-Pro.local","pid":6413,"level":20,"msg":"Processed: \u001b[35msource/images/cc-by-nc-nd.svg\u001b[39m","time":"2015-09-12T14:45:57.692Z","v":0}
{"name":"hexo","hostname":"MacBook-Pro.local","pid":6413,"level":20,"msg":"Processed: \u001b[35msource/images/bkdefault_avatar.jpg\u001b[39m","time":"2015-09-12T14:45:57.692Z","v":0}
{"name":"hexo","hostname":"MacBook-Pro.local","pid":6413,"level":20,"msg":"Processed: \u001b[35msource/fonts/icon-linecons/selection.json\u001b[39m","time":"2015-09-12T14:45:57.692Z","v":0}
{"name":"hexo","hostname":"MacBook-Pro.local","pid":6413,"level":20,"msg":"Processed: \u001b[35msource/fonts/icon-linecons/icomoon.woff\u001b[39m","time":"2015-09-12T14:45:57.693Z","v":0}
{"name":"hexo","hostname":"MacBook-Pro.local","pid":6413,"level":20,"msg":"Processed: \u001b[35msource/fonts/icon-linecons/icomoon.ttf\u001b[39m","time":"2015-09-12T14:45:57.693Z","v":0}
{"name":"hexo","hostname":"MacBook-Pro.local","pid":6413,"level":20,"msg":"Processed: \u001b[35msource/fonts/icon-linecons/icomoon.svg\u001b[39m","time":"2015-09-12T14:45:57.693Z","v":0}
{"name":"hexo","hostname":"MacBook-Pro.local","pid":6413,"level":20,"msg":"Processed: \u001b[35msource/fonts/icon-linecons/icomoon.eot\u001b[39m","time":"2015-09-12T14:45:57.694Z","v":0}
{"name":"hexo","hostname":"MacBook-Pro.local","pid":6413,"level":20,"msg":"Processed: \u001b[35msource/fonts/icon-icomoon/icomoon.woff\u001b[39m","time":"2015-09-12T14:45:57.694Z","v":0}
{"name":"hexo","hostname":"MacBook-Pro.local","pid":6413,"level":20,"msg":"Processed: \u001b[35msource/fonts/icon-icomoon/icomoon.ttf\u001b[39m","time":"2015-09-12T14:45:57.694Z","v":0}
{"name":"hexo","hostname":"MacBook-Pro.local","pid":6413,"level":20,"msg":"Processed: \u001b[35msource/fonts/icon-icomoon/icomoon.svg\u001b[39m","time":"2015-09-12T14:45:57.695Z","v":0}
{"name":"hexo","hostname":"MacBook-Pro.local","pid":6413,"level":20,"msg":"Processed: \u001b[35msource/fonts/icon-icomoon/icomoon.eot\u001b[39m","time":"2015-09-12T14:45:57.696Z","v":0}
{"name":"hexo","hostname":"MacBook-Pro.local","pid":6413,"level":20,"msg":"Processed: \u001b[35msource/fonts/icon-fifty-shades/selection.json\u001b[39m","time":"2015-09-12T14:45:57.696Z","v":0}
{"name":"hexo","hostname":"MacBook-Pro.local","pid":6413,"level":20,"msg":"Processed: \u001b[35msource/fonts/icon-fifty-shades/icomoon.woff\u001b[39m","time":"2015-09-12T14:45:57.697Z","v":0}
{"name":"hexo","hostname":"MacBook-Pro.local","pid":6413,"level":20,"msg":"Processed: \u001b[35msource/fonts/icon-fifty-shades/icomoon.ttf\u001b[39m","time":"2015-09-12T14:45:57.698Z","v":0}
{"name":"hexo","hostname":"MacBook-Pro.local","pid":6413,"level":20,"msg":"Processed: \u001b[35msource/fonts/icon-fifty-shades/icomoon.svg\u001b[39m","time":"2015-09-12T14:45:57.699Z","v":0}
{"name":"hexo","hostname":"MacBook-Pro.local","pid":6413,"level":20,"msg":"Processed: \u001b[35msource/fonts/icon-fifty-shades/icomoon.eot\u001b[39m","time":"2015-09-12T14:45:57.699Z","v":0}
{"name":"hexo","hostname":"MacBook-Pro.local","pid":6413,"level":20,"msg":"Processed: \u001b[35msource/fonts/icon-feather/selection.json\u001b[39m","time":"2015-09-12T14:45:57.700Z","v":0}
{"name":"hexo","hostname":"MacBook-Pro.local","pid":6413,"level":20,"msg":"Processed: \u001b[35msource/fonts/icon-feather/icomoon.woff\u001b[39m","time":"2015-09-12T14:45:57.701Z","v":0}
{"name":"hexo","hostname":"MacBook-Pro.local","pid":6413,"level":20,"msg":"Processed: \u001b[35msource/fonts/icon-feather/icomoon.ttf\u001b[39m","time":"2015-09-12T14:45:57.703Z","v":0}
{"name":"hexo","hostname":"MacBook-Pro.local","pid":6413,"level":20,"msg":"Processed: \u001b[35msource/fonts/icon-feather/icomoon.svg\u001b[39m","time":"2015-09-12T14:45:57.703Z","v":0}
{"name":"hexo","hostname":"MacBook-Pro.local","pid":6413,"level":20,"msg":"Processed: \u001b[35msource/fonts/icon-feather/icomoon.eot\u001b[39m","time":"2015-09-12T14:45:57.704Z","v":0}
{"name":"hexo","hostname":"MacBook-Pro.local","pid":6413,"level":20,"msg":"Processed: \u001b[35msource/fonts/icon-default/selection.json\u001b[39m","time":"2015-09-12T14:45:57.704Z","v":0}
{"name":"hexo","hostname":"MacBook-Pro.local","pid":6413,"level":20,"msg":"Processed: \u001b[35msource/fonts/icon-default/icomoon.woff\u001b[39m","time":"2015-09-12T14:45:57.704Z","v":0}
{"name":"hexo","hostname":"MacBook-Pro.local","pid":6413,"level":20,"msg":"Processed: \u001b[35msource/fonts/icon-default/icomoon.ttf\u001b[39m","time":"2015-09-12T14:45:57.704Z","v":0}
{"name":"hexo","hostname":"MacBook-Pro.local","pid":6413,"level":20,"msg":"Processed: \u001b[35msource/fonts/icon-default/icomoon.svg\u001b[39m","time":"2015-09-12T14:45:57.705Z","v":0}
{"name":"hexo","hostname":"MacBook-Pro.local","pid":6413,"level":20,"msg":"Processed: \u001b[35msource/fonts/icon-default/icomoon.eot\u001b[39m","time":"2015-09-12T14:45:57.705Z","v":0}
{"name":"hexo","hostname":"MacBook-Pro.local","pid":6413,"level":20,"msg":"Processed: \u001b[35msource/css/main.styl\u001b[39m","time":"2015-09-12T14:45:57.705Z","v":0}
{"name":"hexo","hostname":"MacBook-Pro.local","pid":6413,"level":20,"msg":"Processed: \u001b[35mlayout/tag.swig\u001b[39m","time":"2015-09-12T14:45:57.710Z","v":0}
{"name":"hexo","hostname":"MacBook-Pro.local","pid":6413,"level":20,"msg":"Processed: \u001b[35mlayout/post.swig\u001b[39m","time":"2015-09-12T14:45:57.715Z","v":0}
{"name":"hexo","hostname":"MacBook-Pro.local","pid":6413,"level":20,"msg":"Processed: \u001b[35mlayout/page.swig\u001b[39m","time":"2015-09-12T14:45:57.715Z","v":0}
{"name":"hexo","hostname":"MacBook-Pro.local","pid":6413,"level":20,"msg":"Processed: \u001b[35mlayout/index.swig\u001b[39m","time":"2015-09-12T14:45:57.716Z","v":0}
{"name":"hexo","hostname":"MacBook-Pro.local","pid":6413,"level":20,"msg":"Processed: \u001b[35mlayout/category.swig\u001b[39m","time":"2015-09-12T14:45:57.716Z","v":0}
{"name":"hexo","hostname":"MacBook-Pro.local","pid":6413,"level":20,"msg":"Processed: \u001b[35mlayout/archive.swig\u001b[39m","time":"2015-09-12T14:45:57.717Z","v":0}
{"name":"hexo","hostname":"MacBook-Pro.local","pid":6413,"level":20,"msg":"Processed: \u001b[35mlayout/_scripts/pages/post-details.swig\u001b[39m","time":"2015-09-12T14:45:57.717Z","v":0}
{"name":"hexo","hostname":"MacBook-Pro.local","pid":6413,"level":20,"msg":"Processed: \u001b[35mlayout/_scripts/motion.swig\u001b[39m","time":"2015-09-12T14:45:57.718Z","v":0}
{"name":"hexo","hostname":"MacBook-Pro.local","pid":6413,"level":20,"msg":"Processed: \u001b[35mlayout/_scripts/mathjax.swig\u001b[39m","time":"2015-09-12T14:45:57.719Z","v":0}
{"name":"hexo","hostname":"MacBook-Pro.local","pid":6413,"level":20,"msg":"Processed: \u001b[35mlayout/_scripts/helpers.swig\u001b[39m","time":"2015-09-12T14:45:57.720Z","v":0}
{"name":"hexo","hostname":"MacBook-Pro.local","pid":6413,"level":20,"msg":"Processed: \u001b[35mlayout/_scripts/fancy-box.swig\u001b[39m","time":"2015-09-12T14:45:57.720Z","v":0}
{"name":"hexo","hostname":"MacBook-Pro.local","pid":6413,"level":20,"msg":"Processed: \u001b[35mlayout/_scripts/comments/duoshuo.swig\u001b[39m","time":"2015-09-12T14:45:57.721Z","v":0}
{"name":"hexo","hostname":"MacBook-Pro.local","pid":6413,"level":20,"msg":"Processed: \u001b[35mlayout/_scripts/comments/disqus.swig\u001b[39m","time":"2015-09-12T14:45:57.721Z","v":0}
{"name":"hexo","hostname":"MacBook-Pro.local","pid":6413,"level":20,"msg":"Processed: \u001b[35mlayout/_scripts/bootstrap.scrollspy.swig\u001b[39m","time":"2015-09-12T14:45:57.721Z","v":0}
{"name":"hexo","hostname":"MacBook-Pro.local","pid":6413,"level":20,"msg":"Processed: \u001b[35mlayout/_scripts/baidushare.swig\u001b[39m","time":"2015-09-12T14:45:57.722Z","v":0}
{"name":"hexo","hostname":"MacBook-Pro.local","pid":6413,"level":20,"msg":"Processed: \u001b[35mlayout/_scripts/analytics.swig\u001b[39m","time":"2015-09-12T14:45:57.722Z","v":0}
{"name":"hexo","hostname":"MacBook-Pro.local","pid":6413,"level":20,"msg":"Processed: \u001b[35mlayout/_scripts/analytics/google-analytics.swig\u001b[39m","time":"2015-09-12T14:45:57.723Z","v":0}
{"name":"hexo","hostname":"MacBook-Pro.local","pid":6413,"level":20,"msg":"Processed: \u001b[35mlayout/_scripts/analytics/baidu-analytics.swig\u001b[39m","time":"2015-09-12T14:45:57.723Z","v":0}
{"name":"hexo","hostname":"MacBook-Pro.local","pid":6413,"level":20,"msg":"Processed: \u001b[35mlayout/_partials/share/jiathis.swig\u001b[39m","time":"2015-09-12T14:45:57.723Z","v":0}
{"name":"hexo","hostname":"MacBook-Pro.local","pid":6413,"level":20,"msg":"Processed: \u001b[35mlayout/_partials/share/duoshuo_share.swig\u001b[39m","time":"2015-09-12T14:45:57.724Z","v":0}
{"name":"hexo","hostname":"MacBook-Pro.local","pid":6413,"level":20,"msg":"Processed: \u001b[35mlayout/_partials/search.swig\u001b[39m","time":"2015-09-12T14:45:57.724Z","v":0}
{"name":"hexo","hostname":"MacBook-Pro.local","pid":6413,"level":20,"msg":"Processed: \u001b[35mlayout/_partials/search/tinysou.swig\u001b[39m","time":"2015-09-12T14:45:57.725Z","v":0}
{"name":"hexo","hostname":"MacBook-Pro.local","pid":6413,"level":20,"msg":"Processed: \u001b[35mlayout/_partials/search/swiftype.swig\u001b[39m","time":"2015-09-12T14:45:57.725Z","v":0}
{"name":"hexo","hostname":"MacBook-Pro.local","pid":6413,"level":20,"msg":"Processed: \u001b[35mlayout/_partials/pagination.swig\u001b[39m","time":"2015-09-12T14:45:57.726Z","v":0}
{"name":"hexo","hostname":"MacBook-Pro.local","pid":6413,"level":20,"msg":"Processed: \u001b[35mlayout/_partials/old-browsers.swig\u001b[39m","time":"2015-09-12T14:45:57.726Z","v":0}
{"name":"hexo","hostname":"MacBook-Pro.local","pid":6413,"level":20,"msg":"Processed: \u001b[35mlayout/_partials/header.swig\u001b[39m","time":"2015-09-12T14:45:57.727Z","v":0}
{"name":"hexo","hostname":"MacBook-Pro.local","pid":6413,"level":20,"msg":"Processed: \u001b[35mlayout/_partials/head.swig\u001b[39m","time":"2015-09-12T14:45:57.727Z","v":0}
{"name":"hexo","hostname":"MacBook-Pro.local","pid":6413,"level":20,"msg":"Processed: \u001b[35mlayout/_partials/footer.swig\u001b[39m","time":"2015-09-12T14:45:57.727Z","v":0}
{"name":"hexo","hostname":"MacBook-Pro.local","pid":6413,"level":20,"msg":"Processed: \u001b[35mlayout/_macro/sidebar.swig\u001b[39m","time":"2015-09-12T14:45:57.728Z","v":0}
{"name":"hexo","hostname":"MacBook-Pro.local","pid":6413,"level":20,"msg":"Processed: \u001b[35mlayout/_macro/post.swig\u001b[39m","time":"2015-09-12T14:45:57.728Z","v":0}
{"name":"hexo","hostname":"MacBook-Pro.local","pid":6413,"level":20,"msg":"Processed: \u001b[35mlayout/_macro/post-collapse.swig\u001b[39m","time":"2015-09-12T14:45:57.729Z","v":0}
{"name":"hexo","hostname":"MacBook-Pro.local","pid":6413,"level":20,"msg":"Processed: \u001b[35mlayout/_layout.swig\u001b[39m","time":"2015-09-12T14:45:57.730Z","v":0}
{"name":"hexo","hostname":"MacBook-Pro.local","pid":6413,"level":20,"msg":"Processed: \u001b[35mlanguages/zh-tw.yml\u001b[39m","time":"2015-09-12T14:45:57.734Z","v":0}
{"name":"hexo","hostname":"MacBook-Pro.local","pid":6413,"level":20,"msg":"Processed: \u001b[35mlanguages/zh-hk.yml\u001b[39m","time":"2015-09-12T14:45:57.735Z","v":0}
{"name":"hexo","hostname":"MacBook-Pro.local","pid":6413,"level":20,"msg":"Processed: \u001b[35mlanguages/zh-Hans.yml\u001b[39m","time":"2015-09-12T14:45:57.738Z","v":0}
{"name":"hexo","hostname":"MacBook-Pro.local","pid":6413,"level":20,"msg":"Processed: \u001b[35mlanguages/ru.yml\u001b[39m","time":"2015-09-12T14:45:57.741Z","v":0}
{"name":"hexo","hostname":"MacBook-Pro.local","pid":6413,"level":20,"msg":"Processed: \u001b[35mlanguages/fr-FR.yml\u001b[39m","time":"2015-09-12T14:45:57.742Z","v":0}
{"name":"hexo","hostname":"MacBook-Pro.local","pid":6413,"level":20,"msg":"Processed: \u001b[35mlanguages/en.yml\u001b[39m","time":"2015-09-12T14:45:57.744Z","v":0}
{"name":"hexo","hostname":"MacBook-Pro.local","pid":6413,"level":20,"msg":"Processed: \u001b[35mlanguages/default.yml\u001b[39m","time":"2015-09-12T14:45:57.746Z","v":0}
{"name":"hexo","hostname":"MacBook-Pro.local","pid":6413,"level":20,"msg":"Processed: \u001b[35mlanguages/de.yml\u001b[39m","time":"2015-09-12T14:45:57.748Z","v":0}
{"name":"hexo","hostname":"MacBook-Pro.local","pid":6413,"level":20,"msg":"Theme config loaded.","time":"2015-09-12T14:45:57.749Z","v":0}
{"name":"hexo","hostname":"MacBook-Pro.local","pid":6413,"level":20,"msg":"Processed: \u001b[35m_config.yml\u001b[39m","time":"2015-09-12T14:45:57.749Z","v":0}
{"name":"hexo","hostname":"MacBook-Pro.local","pid":6413,"level":20,"msg":"Generator: \u001b[35mpage\u001b[39m","time":"2015-09-12T14:45:59.485Z","v":0}
{"name":"hexo","hostname":"MacBook-Pro.local","pid":6413,"level":20,"msg":"Generator: \u001b[35mpost\u001b[39m","time":"2015-09-12T14:45:59.486Z","v":0}
{"name":"hexo","hostname":"MacBook-Pro.local","pid":6413,"level":20,"msg":"Generator: \u001b[35mindex\u001b[39m","time":"2015-09-12T14:45:59.486Z","v":0}
{"name":"hexo","hostname":"MacBook-Pro.local","pid":6413,"level":20,"msg":"Generator: \u001b[35mtag\u001b[39m","time":"2015-09-12T14:45:59.486Z","v":0}
{"name":"hexo","hostname":"MacBook-Pro.local","pid":6413,"level":20,"msg":"Generator: \u001b[35mcategory\u001b[39m","time":"2015-09-12T14:45:59.486Z","v":0}
{"name":"hexo","hostname":"MacBook-Pro.local","pid":6413,"level":20,"msg":"Generator: \u001b[35marchive\u001b[39m","time":"2015-09-12T14:45:59.486Z","v":0}
{"name":"hexo","hostname":"MacBook-Pro.local","pid":6413,"level":20,"msg":"Generator: \u001b[35masset\u001b[39m","time":"2015-09-12T14:45:59.488Z","v":0}
{"name":"hexo","hostname":"MacBook-Pro.local","pid":6413,"level":30,"msg":"Hexo is running at \u001b[4mhttp://0.0.0.0:4000/\u001b[24m. Press Ctrl+C to stop.","time":"2015-09-12T14:45:59.514Z","v":0}
{"name":"hexo","hostname":"MacBook-Pro.local","pid":6413,"level":20,"msg":"Database saved","time":"2015-09-12T14:45:59.543Z","v":0}
{"name":"hexo","hostname":"MacBook-Pro.local","pid":6413,"level":20,"msg":"Rendering index: \u001b[35mindex.html\u001b[39m","time":"2015-09-12T14:46:08.313Z","v":0}
{"name":"hexo","hostname":"MacBook-Pro.local","pid":6413,"level":20,"msg":"Updated: \u001b[35mthemes/next/_config.yml\u001b[39m","time":"2015-09-12T14:48:06.525Z","v":0}
{"name":"hexo","hostname":"MacBook-Pro.local","pid":6413,"level":20,"msg":"Theme config loaded.","time":"2015-09-12T14:48:06.629Z","v":0}
{"name":"hexo","hostname":"MacBook-Pro.local","pid":6413,"level":20,"msg":"Processed: \u001b[35m_config.yml\u001b[39m","time":"2015-09-12T14:48:06.629Z","v":0}
{"name":"hexo","hostname":"MacBook-Pro.local","pid":6413,"level":20,"msg":"Generator: \u001b[35mpage\u001b[39m","time":"2015-09-12T14:48:07.776Z","v":0}
{"name":"hexo","hostname":"MacBook-Pro.local","pid":6413,"level":20,"msg":"Generator: \u001b[35mpost\u001b[39m","time":"2015-09-12T14:48:07.776Z","v":0}
{"name":"hexo","hostname":"MacBook-Pro.local","pid":6413,"level":20,"msg":"Generator: \u001b[35mindex\u001b[39m","time":"2015-09-12T14:48:07.776Z","v":0}
{"name":"hexo","hostname":"MacBook-Pro.local","pid":6413,"level":20,"msg":"Generator: \u001b[35mtag\u001b[39m","time":"2015-09-12T14:48:07.777Z","v":0}
{"name":"hexo","hostname":"MacBook-Pro.local","pid":6413,"level":20,"msg":"Generator: \u001b[35mcategory\u001b[39m","time":"2015-09-12T14:48:07.777Z","v":0}
{"name":"hexo","hostname":"MacBook-Pro.local","pid":6413,"level":20,"msg":"Generator: \u001b[35marchive\u001b[39m","time":"2015-09-12T14:48:07.777Z","v":0}
{"name":"hexo","hostname":"MacBook-Pro.local","pid":6413,"level":20,"msg":"Generator: \u001b[35masset\u001b[39m","time":"2015-09-12T14:48:07.779Z","v":0}
{"name":"hexo","hostname":"MacBook-Pro.local","pid":6413,"level":30,"msg":"Have a nice day","time":"2015-09-12T14:48:10.007Z","v":0}
{"name":"hexo","hostname":"MacBook-Pro.local","pid":6413,"level":20,"msg":"Database saved","time":"2015-09-12T14:48:10.030Z","v":0}
